This file contains any messages produced by compilers while
running configure, to aid debugging if configure makes a mistake.

It was created by BestCode configure 0.Unversioned directory, which was
generated by GNU Autoconf 2.69.  Invocation command line was

  $ ./configure 

## --------- ##
## Platform. ##
## --------- ##

hostname = tsf-436-wpa-7-164.epfl.ch
uname -m = x86_64
uname -r = 17.7.0
uname -s = Darwin
uname -v = Darwin Kernel Version 17.7.0: Thu Jun 21 22:53:14 PDT 2018; root:xnu-4570.71.2~1/RELEASE_X86_64

/usr/bin/uname -p = i386
/bin/uname -X     = unknown

/bin/arch              = unknown
/usr/bin/arch -k       = unknown
/usr/convex/getsysinfo = unknown
/usr/bin/hostinfo      = Mach kernel version:
	 Darwin Kernel Version 17.7.0: Thu Jun 21 22:53:14 PDT 2018; root:xnu-4570.71.2~1/RELEASE_X86_64
Kernel configured for up to 4 processors.
2 processors are physically available.
4 processors are logically available.
Processor type: x86_64h (Intel x86-64h Haswell)
Processors active: 0 1 2 3
Primary memory available: 16.00 gigabytes
Default processor set: 449 tasks, 2109 threads, 4 processors
Load average: 2.24, Mach factor: 1.75
/bin/machine           = unknown
/usr/bin/oslevel       = unknown
/bin/universe          = unknown

PATH: /usr/local/bin
PATH: /usr/bin
PATH: /bin
PATH: /usr/sbin
PATH: /sbin
PATH: /Library/TeX/texbin
PATH: /opt/X11/bin
PATH: /Users/schulte/xfitter/xfitterphoton.git/branches/CopyStandardFit1/xfitter-2.0.0/bin


## ----------- ##
## Core tests. ##
## ----------- ##

configure:2413: checking for a BSD-compatible install
configure:2481: result: /usr/bin/install -c
configure:2492: checking whether build environment is sane
configure:2547: result: yes
configure:2698: checking for a thread-safe mkdir -p
configure:2737: result: ./install-sh -c -d
configure:2744: checking for gawk
configure:2774: result: no
configure:2744: checking for mawk
configure:2774: result: no
configure:2744: checking for nawk
configure:2774: result: no
configure:2744: checking for awk
configure:2760: found /usr/bin/awk
configure:2771: result: awk
configure:2782: checking whether make sets $(MAKE)
configure:2804: result: yes
configure:2833: checking whether make supports nested variables
configure:2850: result: yes
configure:3016: checking for gcc
configure:3032: found /usr/bin/gcc
configure:3043: result: gcc
configure:3272: checking for C compiler version
configure:3281: gcc --version >&5
Apple LLVM version 9.1.0 (clang-902.0.39.2)
Target: x86_64-apple-darwin17.7.0
Thread model: posix
InstalledDir: /Library/Developer/CommandLineTools/usr/bin
Configured with: --prefix=/Library/Developer/CommandLineTools/usr --with-gxx-include-dir=/usr/include/c++/4.2.1
configure:3292: $? = 0
configure:3281: gcc -v >&5
Configured with: --prefix=/Library/Developer/CommandLineTools/usr --with-gxx-include-dir=/usr/include/c++/4.2.1
Apple LLVM version 9.1.0 (clang-902.0.39.2)
Target: x86_64-apple-darwin17.7.0
Thread model: posix
InstalledDir: /Library/Developer/CommandLineTools/usr/bin
configure:3292: $? = 0
configure:3281: gcc -V >&5
clang: error: argument to '-V' is missing (expected 1 value)
clang: error: no input files
configure:3292: $? = 1
configure:3281: gcc -qversion >&5
clang: error: unknown argument: '-qversion'
clang: error: no input files
configure:3292: $? = 1
configure:3312: checking whether the C compiler works
configure:3334: gcc    conftest.c  >&5
configure:3338: $? = 0
configure:3386: result: yes
configure:3389: checking for C compiler default output file name
configure:3391: result: a.out
configure:3397: checking for suffix of executables
configure:3404: gcc -o conftest    conftest.c  >&5
configure:3408: $? = 0
configure:3430: result: 
configure:3452: checking whether we are cross compiling
configure:3460: gcc -o conftest    conftest.c  >&5
configure:3464: $? = 0
configure:3471: ./conftest
configure:3475: $? = 0
configure:3490: result: no
configure:3495: checking for suffix of object files
configure:3517: gcc -c   conftest.c >&5
configure:3521: $? = 0
configure:3542: result: o
configure:3546: checking whether we are using the GNU C compiler
configure:3565: gcc -c   conftest.c >&5
configure:3565: $? = 0
configure:3574: result: yes
configure:3583: checking whether gcc accepts -g
configure:3603: gcc -c -g  conftest.c >&5
configure:3603: $? = 0
configure:3644: result: yes
configure:3661: checking for gcc option to accept ISO C89
configure:3724: gcc  -c -g -O2  conftest.c >&5
configure:3724: $? = 0
configure:3737: result: none needed
configure:3762: checking whether gcc understands -c and -o together
configure:3784: gcc -c conftest.c -o conftest2.o
configure:3787: $? = 0
configure:3784: gcc -c conftest.c -o conftest2.o
configure:3787: $? = 0
configure:3799: result: yes
configure:3819: checking whether make supports the include directive
configure:3834: make -f confmf.GNU && cat confinc.out
this is the am__doit target
configure:3837: $? = 0
configure:3856: result: yes (GNU style)
configure:3881: checking dependency style of gcc
configure:3992: result: gcc3
configure:4065: checking for g++
configure:4081: found /usr/bin/g++
configure:4092: result: g++
configure:4119: checking for C++ compiler version
configure:4128: g++ --version >&5
Apple LLVM version 9.1.0 (clang-902.0.39.2)
Target: x86_64-apple-darwin17.7.0
Thread model: posix
InstalledDir: /Library/Developer/CommandLineTools/usr/bin
Configured with: --prefix=/Library/Developer/CommandLineTools/usr --with-gxx-include-dir=/usr/include/c++/4.2.1
configure:4139: $? = 0
configure:4128: g++ -v >&5
Configured with: --prefix=/Library/Developer/CommandLineTools/usr --with-gxx-include-dir=/usr/include/c++/4.2.1
Apple LLVM version 9.1.0 (clang-902.0.39.2)
Target: x86_64-apple-darwin17.7.0
Thread model: posix
InstalledDir: /Library/Developer/CommandLineTools/usr/bin
configure:4139: $? = 0
configure:4128: g++ -V >&5
clang: error: argument to '-V' is missing (expected 1 value)
clang: error: no input files
configure:4139: $? = 1
configure:4128: g++ -qversion >&5
clang: error: unknown argument: '-qversion'
clang: error: no input files
configure:4139: $? = 1
configure:4143: checking whether we are using the GNU C++ compiler
configure:4162: g++ -c   conftest.cpp >&5
configure:4162: $? = 0
configure:4171: result: yes
configure:4180: checking whether g++ accepts -g
configure:4200: g++ -c -g  conftest.cpp >&5
configure:4200: $? = 0
configure:4241: result: yes
configure:4266: checking dependency style of g++
configure:4377: result: gcc3
configure:4445: checking for g77
configure:4475: result: no
configure:4445: checking for xlf
configure:4475: result: no
configure:4445: checking for f77
configure:4475: result: no
configure:4445: checking for frt
configure:4475: result: no
configure:4445: checking for pgf77
configure:4475: result: no
configure:4445: checking for cf77
configure:4475: result: no
configure:4445: checking for fort77
configure:4475: result: no
configure:4445: checking for fl32
configure:4475: result: no
configure:4445: checking for af77
configure:4475: result: no
configure:4445: checking for xlf90
configure:4475: result: no
configure:4445: checking for f90
configure:4475: result: no
configure:4445: checking for pgf90
configure:4475: result: no
configure:4445: checking for pghpf
configure:4475: result: no
configure:4445: checking for epcf90
configure:4475: result: no
configure:4445: checking for gfortran
configure:4461: found /usr/local/bin/gfortran
configure:4472: result: gfortran
configure:4498: checking for Fortran 77 compiler version
configure:4507: gfortran --version >&5
GNU Fortran (Homebrew GCC 7.3.0_1) 7.3.0
Copyright (C) 2017 Free Software Foundation, Inc.
This is free software; see the source for copying conditions.  There is NO
warranty; not even for MERCHANTABILITY or FITNESS FOR A PARTICULAR PURPOSE.

configure:4518: $? = 0
configure:4507: gfortran -v >&5
Using built-in specs.
COLLECT_GCC=gfortran
COLLECT_LTO_WRAPPER=/usr/local/Cellar/gcc/7.3.0_1/libexec/gcc/x86_64-apple-darwin17.3.0/7.3.0/lto-wrapper
Target: x86_64-apple-darwin17.3.0
Configured with: ../configure --build=x86_64-apple-darwin17.3.0 --prefix=/usr/local/Cellar/gcc/7.3.0_1 --libdir=/usr/local/Cellar/gcc/7.3.0_1/lib/gcc/7 --enable-languages=c,c++,objc,obj-c++,fortran --program-suffix=-7 --with-gmp=/usr/local/opt/gmp --with-mpfr=/usr/local/opt/mpfr --with-mpc=/usr/local/opt/libmpc --with-isl=/usr/local/opt/isl --with-system-zlib --enable-checking=release --with-pkgversion='Homebrew GCC 7.3.0_1' --with-bugurl=https://github.com/Homebrew/homebrew-core/issues --disable-nls
Thread model: posix
gcc version 7.3.0 (Homebrew GCC 7.3.0_1) 
configure:4518: $? = 0
configure:4507: gfortran -V >&5
gfortran: error: unrecognized command line option '-V'
gfortran: fatal error: no input files
compilation terminated.
configure:4518: $? = 1
configure:4507: gfortran -qversion >&5
gfortran: error: unrecognized command line option '-qversion'; did you mean '--version'?
gfortran: fatal error: no input files
compilation terminated.
configure:4518: $? = 1
configure:4527: checking whether we are using the GNU Fortran 77 compiler
configure:4540: gfortran -c  conftest.F >&5
configure:4540: $? = 0
configure:4549: result: yes
configure:4555: checking whether gfortran accepts -g
configure:4566: gfortran -c -g conftest.f >&5
configure:4566: $? = 0
configure:4574: result: yes
configure:4632: checking build system type
configure:4646: result: x86_64-apple-darwin17.7.0
configure:4666: checking host system type
configure:4679: result: x86_64-apple-darwin17.7.0
configure:4720: checking how to print strings
configure:4747: result: printf
configure:4768: checking for a sed that does not truncate output
configure:4832: result: /usr/bin/sed
configure:4850: checking for grep that handles long lines and -e
configure:4908: result: /usr/local/bin/ggrep
configure:4913: checking for egrep
configure:4975: result: /usr/local/bin/ggrep -E
configure:4980: checking for fgrep
configure:5042: result: /usr/local/bin/ggrep -F
configure:5077: checking for ld used by gcc
configure:5144: result: /Library/Developer/CommandLineTools/usr/bin/ld
configure:5151: checking if the linker (/Library/Developer/CommandLineTools/usr/bin/ld) is GNU ld
configure:5166: result: no
configure:5178: checking for BSD- or MS-compatible name lister (nm)
configure:5232: result: /usr/bin/nm -B
configure:5362: checking the name lister (/usr/bin/nm -B) interface
configure:5369: gcc -c -g -O2  conftest.c >&5
configure:5372: /usr/bin/nm -B "conftest.o"
configure:5375: output
00000000000001dc S _some_variable
configure:5382: result: BSD nm
configure:5385: checking whether ln -s works
configure:5389: result: yes
configure:5397: checking the maximum length of command line arguments
configure:5528: result: 196608
configure:5576: checking how to convert x86_64-apple-darwin17.7.0 file names to x86_64-apple-darwin17.7.0 format
configure:5616: result: func_convert_file_noop
configure:5623: checking how to convert x86_64-apple-darwin17.7.0 file names to toolchain format
configure:5643: result: func_convert_file_noop
configure:5650: checking for /Library/Developer/CommandLineTools/usr/bin/ld option to reload object files
configure:5657: result: -r
configure:5731: checking for objdump
configure:5747: found /usr/bin/objdump
configure:5758: result: objdump
configure:5790: checking how to recognize dependent libraries
configure:5990: result: pass_all
configure:6075: checking for dlltool
configure:6105: result: no
configure:6135: checking how to associate runtime and link libraries
configure:6162: result: printf %s\n
configure:6223: checking for ar
configure:6239: found /usr/bin/ar
configure:6250: result: ar
configure:6287: checking for archiver @FILE support
configure:6304: gcc -c -g -O2  conftest.c >&5
configure:6304: $? = 0
configure:6307: ar cru libconftest.a @conftest.lst >&5
ar: @conftest.lst: No such file or directory
configure:6310: $? = 1
configure:6330: result: no
configure:6388: checking for strip
configure:6404: found /usr/bin/strip
configure:6415: result: strip
configure:6487: checking for ranlib
configure:6503: found /usr/bin/ranlib
configure:6514: result: ranlib
configure:6616: checking command to parse /usr/bin/nm -B output from gcc object
configure:6769: gcc -c -g -O2  conftest.c >&5
configure:6772: $? = 0
configure:6776: /usr/bin/nm -B conftest.o \| sed -n -e 's/^.*[ ]\([BCDEGRST][BCDEGRST]*\)[ ][ ]*\([_A-Za-z][_A-Za-z0-9]*\)$/\1 \2 \2/p' | sed '/ __gnu_lto/d' \> conftest.nm
configure:6779: $? = 0
cannot find nm_test_var in conftest.nm
configure:6769: gcc -c -g -O2  conftest.c >&5
configure:6772: $? = 0
configure:6776: /usr/bin/nm -B conftest.o \| sed -n -e 's/^.*[ ]\([BCDEGRST][BCDEGRST]*\)[ ][ ]*_\([_A-Za-z][_A-Za-z0-9]*\)$/\1 _\2 \2/p' | sed '/ __gnu_lto/d' \> conftest.nm
configure:6779: $? = 0
configure:6845: gcc -o conftest -g -O2   conftest.c conftstm.o >&5
warning: (x86_64)  could not find object file symbol for symbol _main
configure:6848: $? = 0
configure:6886: result: ok
configure:6933: checking for sysroot
configure:6963: result: no
configure:6970: checking for a working dd
configure:7008: result: /bin/dd
configure:7012: checking how to truncate binary pipes
configure:7027: result: /bin/dd bs=4096 count=1
configure:7356: checking for mt
configure:7386: result: no
configure:7406: checking if : is a manifest tool
configure:7412: : '-?'
configure:7420: result: no
configure:7476: checking for dsymutil
configure:7492: found /usr/bin/dsymutil
configure:7503: result: dsymutil
configure:7568: checking for nmedit
configure:7584: found /usr/bin/nmedit
configure:7595: result: nmedit
configure:7660: checking for lipo
configure:7676: found /usr/bin/lipo
configure:7687: result: lipo
configure:7752: checking for otool
configure:7768: found /usr/bin/otool
configure:7779: result: otool
configure:7844: checking for otool64
configure:7874: result: no
configure:7919: checking for -single_module linker flag
gcc -g -O2  -o libconftest.dylib -dynamiclib -Wl,-single_module conftest.c
configure:7952: result: yes
configure:7955: checking for -exported_symbols_list linker flag
configure:7975: gcc -o conftest -g -O2   -Wl,-exported_symbols_list,conftest.sym conftest.c  >&5
configure:7975: $? = 0
configure:7985: result: yes
configure:7988: checking for -force_load linker flag
gcc -g -O2 -c -o conftest.o conftest.c
ar cru libconftest.a conftest.o
ranlib libconftest.a
gcc -g -O2  -o conftest conftest.c -Wl,-force_load,./libconftest.a
configure:8020: result: yes
configure:8097: checking how to run the C preprocessor
configure:8128: gcc -E  conftest.c
configure:8128: $? = 0
configure:8142: gcc -E  conftest.c
conftest.c:9:10: fatal error: 'ac_nonexistent.h' file not found
#include <ac_nonexistent.h>
         ^~~~~~~~~~~~~~~~~~
1 error generated.
configure:8142: $? = 1
configure: failed program was:
| /* confdefs.h */
| #define PACKAGE_NAME "BestCode"
| #define PACKAGE_TARNAME "bestcode"
| #define PACKAGE_VERSION "0.Unversioned directory"
| #define PACKAGE_STRING "BestCode 0.Unversioned directory"
| #define PACKAGE_BUGREPORT "andrii.verbytskyi@desy.de"
| #define PACKAGE_URL "http://mpp.mpg.de"
| /* end confdefs.h.  */
| #include <ac_nonexistent.h>
configure:8167: result: gcc -E
configure:8187: gcc -E  conftest.c
configure:8187: $? = 0
configure:8201: gcc -E  conftest.c
conftest.c:9:10: fatal error: 'ac_nonexistent.h' file not found
#include <ac_nonexistent.h>
         ^~~~~~~~~~~~~~~~~~
1 error generated.
configure:8201: $? = 1
configure: failed program was:
| /* confdefs.h */
| #define PACKAGE_NAME "BestCode"
| #define PACKAGE_TARNAME "bestcode"
| #define PACKAGE_VERSION "0.Unversioned directory"
| #define PACKAGE_STRING "BestCode 0.Unversioned directory"
| #define PACKAGE_BUGREPORT "andrii.verbytskyi@desy.de"
| #define PACKAGE_URL "http://mpp.mpg.de"
| /* end confdefs.h.  */
| #include <ac_nonexistent.h>
configure:8230: checking for ANSI C header files
configure:8250: gcc -c -g -O2  conftest.c >&5
configure:8250: $? = 0
configure:8323: gcc -o conftest -g -O2   conftest.c  >&5
configure:8323: $? = 0
configure:8323: ./conftest
configure:8323: $? = 0
configure:8334: result: yes
configure:8347: checking for sys/types.h
configure:8347: gcc -c -g -O2  conftest.c >&5
configure:8347: $? = 0
configure:8347: result: yes
configure:8347: checking for sys/stat.h
configure:8347: gcc -c -g -O2  conftest.c >&5
configure:8347: $? = 0
configure:8347: result: yes
configure:8347: checking for stdlib.h
configure:8347: gcc -c -g -O2  conftest.c >&5
configure:8347: $? = 0
configure:8347: result: yes
configure:8347: checking for string.h
configure:8347: gcc -c -g -O2  conftest.c >&5
configure:8347: $? = 0
configure:8347: result: yes
configure:8347: checking for memory.h
configure:8347: gcc -c -g -O2  conftest.c >&5
configure:8347: $? = 0
configure:8347: result: yes
configure:8347: checking for strings.h
configure:8347: gcc -c -g -O2  conftest.c >&5
configure:8347: $? = 0
configure:8347: result: yes
configure:8347: checking for inttypes.h
configure:8347: gcc -c -g -O2  conftest.c >&5
configure:8347: $? = 0
configure:8347: result: yes
configure:8347: checking for stdint.h
configure:8347: gcc -c -g -O2  conftest.c >&5
configure:8347: $? = 0
configure:8347: result: yes
configure:8347: checking for unistd.h
configure:8347: gcc -c -g -O2  conftest.c >&5
configure:8347: $? = 0
configure:8347: result: yes
configure:8361: checking for dlfcn.h
configure:8361: gcc -c -g -O2  conftest.c >&5
configure:8361: $? = 0
configure:8361: result: yes
configure:8629: checking for objdir
configure:8644: result: .libs
configure:8908: checking if gcc supports -fno-rtti -fno-exceptions
configure:8926: gcc -c -g -O2  -fno-rtti -fno-exceptions conftest.c >&5
configure:8930: $? = 0
configure:8943: result: yes
configure:9301: checking for gcc option to produce PIC
configure:9308: result: -fno-common -DPIC
configure:9316: checking if gcc PIC flag -fno-common -DPIC works
configure:9334: gcc -c -g -O2  -fno-common -DPIC -DPIC conftest.c >&5
configure:9338: $? = 0
configure:9351: result: yes
configure:9380: checking if gcc static flag -static works
configure:9408: result: no
configure:9423: checking if gcc supports -c -o file.o
configure:9444: gcc -c -g -O2  -o out/conftest2.o conftest.c >&5
configure:9448: $? = 0
configure:9470: result: yes
configure:9478: checking if gcc supports -c -o file.o
configure:9525: result: yes
configure:9558: checking whether the gcc linker (/Library/Developer/CommandLineTools/usr/bin/ld) supports shared libraries
configure:10817: result: yes
configure:11057: checking dynamic linker characteristics
configure:11875: result: darwin17.7.0 dyld
configure:11997: checking how to hardcode library paths into programs
configure:12022: result: immediate
configure:12570: checking whether stripping libraries is possible
configure:12584: result: yes
configure:12610: checking if libtool supports shared libraries
configure:12612: result: yes
configure:12615: checking whether to build shared libraries
configure:12640: result: yes
configure:12643: checking whether to build static libraries
configure:12647: result: yes
configure:12670: checking how to run the C++ preprocessor
configure:12697: g++ -E  conftest.cpp
configure:12697: $? = 0
configure:12711: g++ -E  conftest.cpp
conftest.cpp:21:10: fatal error: 'ac_nonexistent.h' file not found
#include <ac_nonexistent.h>
         ^~~~~~~~~~~~~~~~~~
1 error generated.
configure:12711: $? = 1
configure: failed program was:
| /* confdefs.h */
| #define PACKAGE_NAME "BestCode"
| #define PACKAGE_TARNAME "bestcode"
| #define PACKAGE_VERSION "0.Unversioned directory"
| #define PACKAGE_STRING "BestCode 0.Unversioned directory"
| #define PACKAGE_BUGREPORT "andrii.verbytskyi@desy.de"
| #define PACKAGE_URL "http://mpp.mpg.de"
| #define STDC_HEADERS 1
| #define HAVE_SYS_TYPES_H 1
| #define HAVE_SYS_STAT_H 1
| #define HAVE_STDLIB_H 1
| #define HAVE_STRING_H 1
| #define HAVE_MEMORY_H 1
| #define HAVE_STRINGS_H 1
| #define HAVE_INTTYPES_H 1
| #define HAVE_STDINT_H 1
| #define HAVE_UNISTD_H 1
| #define HAVE_DLFCN_H 1
| #define LT_OBJDIR ".libs/"
| /* end confdefs.h.  */
| #include <ac_nonexistent.h>
configure:12736: result: g++ -E
configure:12756: g++ -E  conftest.cpp
configure:12756: $? = 0
configure:12770: g++ -E  conftest.cpp
conftest.cpp:21:10: fatal error: 'ac_nonexistent.h' file not found
#include <ac_nonexistent.h>
         ^~~~~~~~~~~~~~~~~~
1 error generated.
configure:12770: $? = 1
configure: failed program was:
| /* confdefs.h */
| #define PACKAGE_NAME "BestCode"
| #define PACKAGE_TARNAME "bestcode"
| #define PACKAGE_VERSION "0.Unversioned directory"
| #define PACKAGE_STRING "BestCode 0.Unversioned directory"
| #define PACKAGE_BUGREPORT "andrii.verbytskyi@desy.de"
| #define PACKAGE_URL "http://mpp.mpg.de"
| #define STDC_HEADERS 1
| #define HAVE_SYS_TYPES_H 1
| #define HAVE_SYS_STAT_H 1
| #define HAVE_STDLIB_H 1
| #define HAVE_STRING_H 1
| #define HAVE_MEMORY_H 1
| #define HAVE_STRINGS_H 1
| #define HAVE_INTTYPES_H 1
| #define HAVE_STDINT_H 1
| #define HAVE_UNISTD_H 1
| #define HAVE_DLFCN_H 1
| #define LT_OBJDIR ".libs/"
| /* end confdefs.h.  */
| #include <ac_nonexistent.h>
configure:12932: checking for ld used by g++
configure:12999: result: /Library/Developer/CommandLineTools/usr/bin/ld
configure:13006: checking if the linker (/Library/Developer/CommandLineTools/usr/bin/ld) is GNU ld
configure:13021: result: no
configure:13076: checking whether the g++ linker (/Library/Developer/CommandLineTools/usr/bin/ld) supports shared libraries
configure:14149: result: yes
configure:14185: g++ -c -g -O2  conftest.cpp >&5
configure:14188: $? = 0
configure:14669: checking for g++ option to produce PIC
configure:14676: result: -fno-common -DPIC
configure:14684: checking if g++ PIC flag -fno-common -DPIC works
configure:14702: g++ -c -g -O2  -fno-common -DPIC -DPIC conftest.cpp >&5
configure:14706: $? = 0
configure:14719: result: yes
configure:14742: checking if g++ static flag -static works
configure:14770: result: no
configure:14782: checking if g++ supports -c -o file.o
configure:14803: g++ -c -g -O2  -o out/conftest2.o conftest.cpp >&5
configure:14807: $? = 0
configure:14829: result: yes
configure:14834: checking if g++ supports -c -o file.o
configure:14881: result: yes
configure:14911: checking whether the g++ linker (/Library/Developer/CommandLineTools/usr/bin/ld) supports shared libraries
configure:14951: result: yes
configure:15092: checking dynamic linker characteristics
configure:15837: result: darwin17.7.0 dyld
configure:15902: checking how to hardcode library paths into programs
configure:15927: result: immediate
configure:16068: checking if libtool supports shared libraries
configure:16070: result: yes
configure:16073: checking whether to build shared libraries
configure:16097: result: yes
configure:16100: checking whether to build static libraries
configure:16104: result: yes
configure:16456: checking for gfortran option to produce PIC
configure:16463: result: -fno-common
configure:16471: checking if gfortran PIC flag -fno-common works
configure:16489: gfortran -c -g -O2 -fno-common conftest.f >&5
configure:16493: $? = 0
configure:16506: result: yes
configure:16529: checking if gfortran static flag -static works
configure:16557: result: no
configure:16569: checking if gfortran supports -c -o file.o
configure:16590: gfortran -c -g -O2 -o out/conftest2.o conftest.f >&5
configure:16594: $? = 0
configure:16616: result: yes
configure:16621: checking if gfortran supports -c -o file.o
configure:16668: result: yes
configure:16698: checking whether the gfortran linker (/Library/Developer/CommandLineTools/usr/bin/ld) supports shared libraries
configure:17907: result: yes
configure:18048: checking dynamic linker characteristics
configure:18787: result: darwin17.7.0 dyld
configure:18852: checking how to hardcode library paths into programs
configure:18877: result: immediate
configure:19154: checking that generated files are newer than configure
configure:19160: result: done
configure:19195: creating ./config.status

## ---------------------- ##
## Running config.status. ##
## ---------------------- ##

This file was extended by BestCode config.status 0.Unversioned directory, which was
generated by GNU Autoconf 2.69.  Invocation command line was

  CONFIG_FILES    = 
  CONFIG_HEADERS  = 
  CONFIG_LINKS    = 
  CONFIG_COMMANDS = 
  $ ./config.status 

on tsf-436-wpa-7-164.epfl.ch

config.status:1207: creating Makefile
config.status:1207: creating config.h
config.status:1388: config.h is unchanged
config.status:1436: executing depfiles commands
config.status:1513: cd .       && sed -e '/# am--include-marker/d' Makefile         | make -f - am--depfiles
make: Nothing to be done for `am--depfiles'.
config.status:1518: $? = 0
config.status:1436: executing libtool commands

## ---------------- ##
## Cache variables. ##
## ---------------- ##

ac_cv_build=x86_64-apple-darwin17.7.0
ac_cv_c_compiler_gnu=yes
ac_cv_cxx_compiler_gnu=yes
ac_cv_env_CCC_set=
ac_cv_env_CCC_value=
ac_cv_env_CC_set=
ac_cv_env_CC_value=
ac_cv_env_CFLAGS_set=
ac_cv_env_CFLAGS_value=
ac_cv_env_CPPFLAGS_set=
ac_cv_env_CPPFLAGS_value=
ac_cv_env_CPP_set=
ac_cv_env_CPP_value=
ac_cv_env_CXXCPP_set=
ac_cv_env_CXXCPP_value=
ac_cv_env_CXXFLAGS_set=
ac_cv_env_CXXFLAGS_value=
ac_cv_env_CXX_set=
ac_cv_env_CXX_value=
ac_cv_env_F77_set=
ac_cv_env_F77_value=
ac_cv_env_FFLAGS_set=
ac_cv_env_FFLAGS_value=
ac_cv_env_LDFLAGS_set=
ac_cv_env_LDFLAGS_value=
ac_cv_env_LIBS_set=
ac_cv_env_LIBS_value=
ac_cv_env_LT_SYS_LIBRARY_PATH_set=
ac_cv_env_LT_SYS_LIBRARY_PATH_value=
ac_cv_env_build_alias_set=
ac_cv_env_build_alias_value=
ac_cv_env_host_alias_set=
ac_cv_env_host_alias_value=
ac_cv_env_target_alias_set=
ac_cv_env_target_alias_value=
ac_cv_f77_compiler_gnu=yes
ac_cv_header_dlfcn_h=yes
ac_cv_header_inttypes_h=yes
ac_cv_header_memory_h=yes
ac_cv_header_stdc=yes
ac_cv_header_stdint_h=yes
ac_cv_header_stdlib_h=yes
ac_cv_header_string_h=yes
ac_cv_header_strings_h=yes
ac_cv_header_sys_stat_h=yes
ac_cv_header_sys_types_h=yes
ac_cv_header_unistd_h=yes
ac_cv_host=x86_64-apple-darwin17.7.0
ac_cv_objext=o
ac_cv_path_EGREP='/usr/local/bin/ggrep -E'
ac_cv_path_FGREP='/usr/local/bin/ggrep -F'
ac_cv_path_GREP=/usr/local/bin/ggrep
ac_cv_path_SED=/usr/bin/sed
ac_cv_path_install='/usr/bin/install -c'
ac_cv_path_lt_DD=/bin/dd
ac_cv_prog_AWK=awk
ac_cv_prog_CPP='gcc -E'
ac_cv_prog_CXXCPP='g++ -E'
ac_cv_prog_ac_ct_AR=ar
ac_cv_prog_ac_ct_CC=gcc
ac_cv_prog_ac_ct_CXX=g++
ac_cv_prog_ac_ct_DSYMUTIL=dsymutil
ac_cv_prog_ac_ct_F77=gfortran
ac_cv_prog_ac_ct_LIPO=lipo
ac_cv_prog_ac_ct_NMEDIT=nmedit
ac_cv_prog_ac_ct_OBJDUMP=objdump
ac_cv_prog_ac_ct_OTOOL=otool
ac_cv_prog_ac_ct_RANLIB=ranlib
ac_cv_prog_ac_ct_STRIP=strip
ac_cv_prog_cc_c89=
ac_cv_prog_cc_g=yes
ac_cv_prog_cxx_g=yes
ac_cv_prog_f77_g=yes
ac_cv_prog_make_make_set=yes
am_cv_CC_dependencies_compiler_type=gcc3
am_cv_CXX_dependencies_compiler_type=gcc3
am_cv_make_support_nested_variables=yes
am_cv_prog_cc_c_o=yes
lt_cv_apple_cc_single_mod=yes
lt_cv_ar_at_file=no
lt_cv_deplibs_check_method=pass_all
lt_cv_file_magic_cmd='$MAGIC_CMD'
lt_cv_file_magic_test_file=
lt_cv_ld_exported_symbols_list=yes
lt_cv_ld_force_load=yes
lt_cv_ld_reload_flag=-r
lt_cv_nm_interface='BSD nm'
lt_cv_objdir=.libs
lt_cv_path_LD=/Library/Developer/CommandLineTools/usr/bin/ld
lt_cv_path_LDCXX=/Library/Developer/CommandLineTools/usr/bin/ld
lt_cv_path_NM='/usr/bin/nm -B'
lt_cv_path_mainfest_tool=no
lt_cv_prog_compiler_c_o=yes
lt_cv_prog_compiler_c_o_CXX=yes
lt_cv_prog_compiler_c_o_F77=yes
lt_cv_prog_compiler_pic='-fno-common -DPIC'
lt_cv_prog_compiler_pic_CXX='-fno-common -DPIC'
lt_cv_prog_compiler_pic_F77=-fno-common
lt_cv_prog_compiler_pic_works=yes
lt_cv_prog_compiler_pic_works_CXX=yes
lt_cv_prog_compiler_pic_works_F77=yes
lt_cv_prog_compiler_rtti_exceptions=yes
lt_cv_prog_compiler_static_works=no
lt_cv_prog_compiler_static_works_CXX=no
lt_cv_prog_compiler_static_works_F77=no
lt_cv_prog_gnu_ld=no
lt_cv_prog_gnu_ldcxx=no
lt_cv_sharedlib_from_linklib_cmd='printf %s\n'
lt_cv_sys_global_symbol_pipe='sed -n -e '\''s/^.*[	 ]\([BCDEGRST][BCDEGRST]*\)[	 ][	 ]*_\([_A-Za-z][_A-Za-z0-9]*\)$/\1 _\2 \2/p'\'' | sed '\''/ __gnu_lto/d'\'''
lt_cv_sys_global_symbol_to_c_name_address='sed -n -e '\''s/^: \(.*\) .*$/  {"\1", (void *) 0},/p'\'' -e '\''s/^[BCDEGRST][BCDEGRST]* .* \(.*\)$/  {"\1", (void *) \&\1},/p'\'''
lt_cv_sys_global_symbol_to_c_name_address_lib_prefix='sed -n -e '\''s/^: \(.*\) .*$/  {"\1", (void *) 0},/p'\'' -e '\''s/^[BCDEGRST][BCDEGRST]* .* \(lib.*\)$/  {"\1", (void *) \&\1},/p'\'' -e '\''s/^[BCDEGRST][BCDEGRST]* .* \(.*\)$/  {"lib\1", (void *) \&\1},/p'\'''
lt_cv_sys_global_symbol_to_cdecl='sed -n -e '\''s/^T .* \(.*\)$/extern int \1();/p'\'' -e '\''s/^[BCDEGRST][BCDEGRST]* .* \(.*\)$/extern char \1;/p'\'''
lt_cv_sys_global_symbol_to_import=
lt_cv_sys_max_cmd_len=196608
lt_cv_to_host_file_cmd=func_convert_file_noop
lt_cv_to_tool_file_cmd=func_convert_file_noop
lt_cv_truncate_bin='/bin/dd bs=4096 count=1'

## ----------------- ##
## Output variables. ##
## ----------------- ##

ACLOCAL='${SHELL} /Users/schulte/3DFitTopMass/Template_Framework/missing aclocal-1.16'
AMDEPBACKSLASH='\'
AMDEP_FALSE='#'
AMDEP_TRUE=''
AMTAR='$${TAR-tar}'
AM_BACKSLASH='\'
AM_DEFAULT_V='$(AM_DEFAULT_VERBOSITY)'
AM_DEFAULT_VERBOSITY='1'
AM_V='$(V)'
AR='ar'
AUTOCONF='${SHELL} /Users/schulte/3DFitTopMass/Template_Framework/missing autoconf'
AUTOHEADER='${SHELL} /Users/schulte/3DFitTopMass/Template_Framework/missing autoheader'
AUTOMAKE='${SHELL} /Users/schulte/3DFitTopMass/Template_Framework/missing automake-1.16'
AWK='awk'
CC='gcc'
CCDEPMODE='depmode=gcc3'
CFLAGS='-g -O2'
CPP='gcc -E'
CPPFLAGS=''
CXX='g++'
CXXCPP='g++ -E'
CXXDEPMODE='depmode=gcc3'
CXXFLAGS='-g -O2'
CYGPATH_W='echo'
DEFS='-DHAVE_CONFIG_H'
DEPDIR='.deps'
DLLTOOL='false'
DSYMUTIL='dsymutil'
DUMPBIN=''
ECHO_C='\c'
ECHO_N=''
ECHO_T=''
EGREP='/usr/local/bin/ggrep -E'
EXAMPLE_API_VERSION='0.Unversioned directory'
EXAMPLE_SO_VERSION='0:0:0'
EXEEXT=''
F77='gfortran'
FFLAGS='-g -O2'
FGREP='/usr/local/bin/ggrep -F'
GREP='/usr/local/bin/ggrep'
INSTALL_DATA='${INSTALL} -m 644'
INSTALL_PROGRAM='${INSTALL}'
INSTALL_SCRIPT='${INSTALL}'
INSTALL_STRIP_PROGRAM='$(install_sh) -c -s'
LD='/Library/Developer/CommandLineTools/usr/bin/ld'
LDFLAGS=''
LIBOBJS=''
LIBS=''
LIBTOOL='$(SHELL) $(top_builddir)/libtool'
LIPO='lipo'
LN_S='ln -s'
LTLIBOBJS=''
LT_SYS_LIBRARY_PATH=''
MAKEINFO='${SHELL} /Users/schulte/3DFitTopMass/Template_Framework/missing makeinfo'
MANIFEST_TOOL=':'
MKDIR_P='./install-sh -c -d'
NM='/usr/bin/nm -B'
NMEDIT='nmedit'
OBJDUMP='objdump'
OBJEXT='o'
OTOOL64=':'
OTOOL='otool'
PACKAGE='bestcode'
PACKAGE_BUGREPORT='andrii.verbytskyi@desy.de'
PACKAGE_NAME='BestCode'
PACKAGE_STRING='BestCode 0.Unversioned directory'
PACKAGE_TARNAME='bestcode'
PACKAGE_URL='http://mpp.mpg.de'
PACKAGE_VERSION='0.Unversioned directory'
PATH_SEPARATOR=':'
RANLIB='ranlib'
ROOT_CFLAGS='-pthread -stdlib=libc++ -std=c++11 -m64 -I/usr/local/Cellar/root/6.12.06/include/root'
ROOT_LIBS='-L/usr/local/Cellar/root/6.12.06/lib/root -lCore -lImt -lRIO -lNet -lHist -lGraf -lGraf3d -lGpad -lTree -lTreePlayer -lRint -lPostscript -lMatrix -lPhysics -lMathCore -lThread -lMultiProc -lpthread -stdlib=libc++ -lm -ldl -lMinuit '
ROOT_USE_FALSE='#'
ROOT_USE_TRUE=''
SED='/usr/bin/sed'
SET_MAKE=''
SHELL='/bin/sh'
STRIP='strip'
VERSION='0.Unversioned directory'
ZBESTLIB_USE_FALSE='#'
ZBESTLIB_USE_TRUE=''
ac_ct_AR='ar'
ac_ct_CC='gcc'
ac_ct_CXX='g++'
ac_ct_DUMPBIN=''
ac_ct_F77='gfortran'
am__EXEEXT_FALSE=''
am__EXEEXT_TRUE='#'
am__fastdepCC_FALSE='#'
am__fastdepCC_TRUE=''
am__fastdepCXX_FALSE='#'
am__fastdepCXX_TRUE=''
am__include='include'
am__isrc=''
am__leading_dot='.'
am__nodep='_no'
am__quote=''
am__tar='$${TAR-tar} chof - "$$tardir"'
am__untar='$${TAR-tar} xf -'
bindir='${exec_prefix}/bin'
build='x86_64-apple-darwin17.7.0'
build_alias=''
build_cpu='x86_64'
build_os='darwin17.7.0'
build_vendor='apple'
datadir='${datarootdir}'
datarootdir='${prefix}/share'
docdir='${datarootdir}/doc/${PACKAGE_TARNAME}'
dvidir='${docdir}'
exec_prefix='${prefix}'
host='x86_64-apple-darwin17.7.0'
host_alias=''
host_cpu='x86_64'
host_os='darwin17.7.0'
host_vendor='apple'
htmldir='${docdir}'
includedir='${prefix}/include'
infodir='${datarootdir}/info'
install_sh='${SHELL} /Users/schulte/3DFitTopMass/Template_Framework/install-sh'
libdir='${exec_prefix}/lib'
libexecdir='${exec_prefix}/libexec'
localedir='${datarootdir}/locale'
localstatedir='${prefix}/var'
mandir='${datarootdir}/man'
mkdir_p='$(MKDIR_P)'
oldincludedir='/usr/include'
pdfdir='${docdir}'
prefix='/usr/local'
program_transform_name='s,x,x,'
psdir='${docdir}'
sbindir='${exec_prefix}/sbin'
sharedstatedir='${prefix}/com'
sysconfdir='${prefix}/etc'
target_alias=''

## ----------- ##
## confdefs.h. ##
## ----------- ##

/* confdefs.h */
#define PACKAGE_NAME "BestCode"
#define PACKAGE_TARNAME "bestcode"
#define PACKAGE_VERSION "0.Unversioned directory"
#define PACKAGE_STRING "BestCode 0.Unversioned directory"
#define PACKAGE_BUGREPORT "andrii.verbytskyi@desy.de"
#define PACKAGE_URL "http://mpp.mpg.de"
#define STDC_HEADERS 1
#define HAVE_SYS_TYPES_H 1
#define HAVE_SYS_STAT_H 1
#define HAVE_STDLIB_H 1
#define HAVE_STRING_H 1
#define HAVE_MEMORY_H 1
#define HAVE_STRINGS_H 1
#define HAVE_INTTYPES_H 1
#define HAVE_STDINT_H 1
#define HAVE_UNISTD_H 1
#define HAVE_DLFCN_H 1
#define LT_OBJDIR ".libs/"
#define USEROOT 1
#define USEROOT 1
#define COPYRIGHT_YEAR 2018


configure: exit 0

## ---------------------- ##
## Running config.status. ##
## ---------------------- ##

This file was extended by BestCode config.status 0.Unversioned directory, which was
generated by GNU Autoconf 2.69.  Invocation command line was

  CONFIG_FILES    = 
  CONFIG_HEADERS  = 
  CONFIG_LINKS    = 
  CONFIG_COMMANDS = 
  $ ./config.status Makefile depfiles

on tsf-436-wpa-7-164.epfl.ch

config.status:1207: creating Makefile
config.status:1436: executing depfiles commands
config.status:1513: cd .       && sed -e '/# am--include-marker/d' Makefile         | make -f - am--depfiles
config.status:1518: $? = 0
